[PM]SUCCESS:::Serine biosynthesis:::REACT_115789.1:::N:::8541526:::http://www.ebi.ac.uk/arrayexpress/xml/v2/experiments?pmid=8541526
[PM]SUCCESS:::Serine biosynthesis:::REACT_115789.1:::N:::19443651:::http://www.ebi.ac.uk/arrayexpress/xml/v2/experiments?pmid=19443651
[PM]SUCCESS:::Serine biosynthesis:::REACT_115789.1:::N:::12700044:::http://www.ebi.ac.uk/arrayexpress/xml/v2/experiments?pmid=12700044
[PM]SUCCESS:::Serine biosynthesis:::REACT_115789.1:::N:::15538381:::http://www.ebi.ac.uk/arrayexpress/xml/v2/experiments?pmid=15538381
[PM]SUCCESS:::Serine biosynthesis:::REACT_115789.1:::N:::7635144:::http://www.ebi.ac.uk/arrayexpress/xml/v2/experiments?pmid=7635144
[PM]SUCCESS:::Serine biosynthesis:::REACT_115789.1:::N:::9335335:::http://www.ebi.ac.uk/arrayexpress/xml/v2/experiments?pmid=9335335
[PM]SUCCESS:::Serine biosynthesis:::REACT_115789.1:::N:::9712840:::http://www.ebi.ac.uk/arrayexpress/xml/v2/experiments?pmid=9712840
[PM]SUCCESS:::Serine biosynthesis:::REACT_115789.1:::N:::18555777:::http://www.ebi.ac.uk/arrayexpress/xml/v2/experiments?pmid=18555777
[PM]SUCCESS:::Serine biosynthesis:::REACT_115789.1:::N:::18173545:::http://www.ebi.ac.uk/arrayexpress/xml/v2/experiments?pmid=18173545
[PM]SUCCESS:::Serine biosynthesis:::REACT_115789.1:::N:::8723348:::http://www.ebi.ac.uk/arrayexpress/xml/v2/experiments?pmid=8723348
[PM]SUCCESS:::Serine biosynthesis:::REACT_115789.1:::N:::1894595:::http://www.ebi.ac.uk/arrayexpress/xml/v2/experiments?pmid=1894595
[PM]SUCCESS:::Serine biosynthesis:::REACT_115789.1:::N:::18367646:::http://www.ebi.ac.uk/arrayexpress/xml/v2/experiments?pmid=18367646
[PM]SUCCESS:::Serine biosynthesis:::REACT_115789.1:::N:::21356517:::http://www.ebi.ac.uk/arrayexpress/xml/v2/experiments?pmid=21356517
[PM]SUCCESS:::Serine biosynthesis:::REACT_115789.1:::N:::12655297:::http://www.ebi.ac.uk/arrayexpress/xml/v2/experiments?pmid=12655297
[PM]SUCCESS:::Serine biosynthesis:::REACT_115789.1:::N:::18240029:::http://www.ebi.ac.uk/arrayexpress/xml/v2/experiments?pmid=18240029
[PM]SUCCESS:::Serine biosynthesis:::REACT_115789.1:::N:::16321791:::http://www.ebi.ac.uk/arrayexpress/xml/v2/experiments?pmid=16321791
[PM]SUCCESS:::Serine biosynthesis:::REACT_115789.1:::N:::17560368:::http://www.ebi.ac.uk/arrayexpress/xml/v2/experiments?pmid=17560368
[PM]SUCCESS:::Serine biosynthesis:::REACT_115789.1:::N:::6311078:::http://www.ebi.ac.uk/arrayexpress/xml/v2/experiments?pmid=6311078
[PM]SUCCESS:::Serine biosynthesis:::REACT_115789.1:::Y:::20110263:::http://www.ebi.ac.uk/arrayexpress/xml/v2/experiments?pmid=20110263
[PM]SUCCESS:::Serine biosynthesis:::REACT_115789.1:::N:::8163052:::http://www.ebi.ac.uk/arrayexpress/xml/v2/experiments?pmid=8163052
[PM]SUCCESS:::Serine biosynthesis:::REACT_115789.1:::N:::9461497:::http://www.ebi.ac.uk/arrayexpress/xml/v2/experiments?pmid=9461497
[PM]SUCCESS:::Serine biosynthesis:::REACT_115789.1:::N:::8946167:::http://www.ebi.ac.uk/arrayexpress/xml/v2/experiments?pmid=8946167
[PM]SUCCESS:::Serine biosynthesis:::REACT_115789.1:::N:::11447121:::http://www.ebi.ac.uk/arrayexpress/xml/v2/experiments?pmid=11447121
[PM]SUCCESS:::Serine biosynthesis:::REACT_115789.1:::N:::11826276:::http://www.ebi.ac.uk/arrayexpress/xml/v2/experiments?pmid=11826276
[PM]SUCCESS:::Serine biosynthesis:::REACT_115789.1:::N:::9469823:::http://www.ebi.ac.uk/arrayexpress/xml/v2/experiments?pmid=9469823
[PM]SUCCESS:::Serine biosynthesis:::REACT_115789.1:::N:::20541618:::http://www.ebi.ac.uk/arrayexpress/xml/v2/experiments?pmid=20541618
[PM]SUCCESS:::Serine biosynthesis:::REACT_115789.1:::N:::18772396:::http://www.ebi.ac.uk/arrayexpress/xml/v2/experiments?pmid=18772396
[PM]SUCCESS:::Serine biosynthesis:::REACT_115789.1:::N:::17035995:::http://www.ebi.ac.uk/arrayexpress/xml/v2/experiments?pmid=17035995
[PM]SUCCESS:::Serine biosynthesis:::REACT_115789.1:::N:::15611369:::http://www.ebi.ac.uk/arrayexpress/xml/v2/experiments?pmid=15611369
[PM]SUCCESS:::Serine biosynthesis:::REACT_115789.1:::N:::15381398:::http://www.ebi.ac.uk/arrayexpress/xml/v2/experiments?pmid=15381398
[PM]SUCCESS:::Serine biosynthesis:::REACT_115789.1:::N:::8330735:::http://www.ebi.ac.uk/arrayexpress/xml/v2/experiments?pmid=8330735
[PM]SUCCESS:::Serine biosynthesis:::REACT_115789.1:::N:::8330740:::http://www.ebi.ac.uk/arrayexpress/xml/v2/experiments?pmid=8330740
[PM]SUCCESS:::Serine biosynthesis:::REACT_115789.1:::N:::9949182:::http://www.ebi.ac.uk/arrayexpress/xml/v2/experiments?pmid=9949182
[PM]SUCCESS:::Serine biosynthesis:::REACT_115789.1:::N:::8250832:::http://www.ebi.ac.uk/arrayexpress/xml/v2/experiments?pmid=8250832
[PM]SUCCESS:::Serine biosynthesis:::REACT_115789.1:::N:::4358634:::http://www.ebi.ac.uk/arrayexpress/xml/v2/experiments?pmid=4358634
[PM]SUCCESS:::Serine biosynthesis:::REACT_115789.1:::N:::8131753:::http://www.ebi.ac.uk/arrayexpress/xml/v2/experiments?pmid=8131753
[PM]SUCCESS:::Serine biosynthesis:::REACT_115789.1:::N:::11294880:::http://www.ebi.ac.uk/arrayexpress/xml/v2/experiments?pmid=11294880
[PM]SUCCESS:::Serine biosynthesis:::REACT_115789.1:::N:::6693436:::http://www.ebi.ac.uk/arrayexpress/xml/v2/experiments?pmid=6693436
[PM]SUCCESS:::Serine biosynthesis:::REACT_115789.1:::N:::7890667:::http://www.ebi.ac.uk/arrayexpress/xml/v2/experiments?pmid=7890667
[PM]SUCCESS:::Serine biosynthesis:::REACT_115789.1:::N:::9461603:::http://www.ebi.ac.uk/arrayexpress/xml/v2/experiments?pmid=9461603
[PM]SUCCESS:::Serine biosynthesis:::REACT_115789.1:::N:::18043707:::http://www.ebi.ac.uk/arrayexpress/xml/v2/experiments?pmid=18043707
[PM]SUCCESS:::Serine biosynthesis:::REACT_115789.1:::N:::19603532:::http://www.ebi.ac.uk/arrayexpress/xml/v2/experiments?pmid=19603532
[PM]SUCCESS:::Serine biosynthesis:::REACT_115789.1:::N:::16024644:::http://www.ebi.ac.uk/arrayexpress/xml/v2/experiments?pmid=16024644
[PM]SUCCESS:::Serine biosynthesis:::REACT_115789.1:::N:::6022858:::http://www.ebi.ac.uk/arrayexpress/xml/v2/experiments?pmid=6022858
[PM]SUCCESS:::Serine biosynthesis:::REACT_115789.1:::N:::9305914:::http://www.ebi.ac.uk/arrayexpress/xml/v2/experiments?pmid=9305914
[PM]SUCCESS:::Serine biosynthesis:::REACT_115789.1:::N:::20042001:::http://www.ebi.ac.uk/arrayexpress/xml/v2/experiments?pmid=20042001
[PM]SUCCESS:::Serine biosynthesis:::REACT_115789.1:::N:::17242360:::http://www.ebi.ac.uk/arrayexpress/xml/v2/experiments?pmid=17242360
[PM]SUCCESS:::Serine biosynthesis:::REACT_115789.1:::N:::11158296:::http://www.ebi.ac.uk/arrayexpress/xml/v2/experiments?pmid=11158296
[PM]SUCCESS:::Serine biosynthesis:::REACT_115789.1:::N:::11994049:::http://www.ebi.ac.uk/arrayexpress/xml/v2/experiments?pmid=11994049
[PM]SUCCESS:::Serine biosynthesis:::REACT_115789.1:::N:::14514684:::http://www.ebi.ac.uk/arrayexpress/xml/v2/experiments?pmid=14514684
[PM]SUCCESS:::Serine biosynthesis:::REACT_115789.1:::N:::11923312:::http://www.ebi.ac.uk/arrayexpress/xml/v2/experiments?pmid=11923312
[PM]SUCCESS:::Serine biosynthesis:::REACT_115789.1:::N:::15581364:::http://www.ebi.ac.uk/arrayexpress/xml/v2/experiments?pmid=15581364
[PM]SUCCESS:::Serine biosynthesis:::REACT_115789.1:::N:::12949583:::http://www.ebi.ac.uk/arrayexpress/xml/v2/experiments?pmid=12949583
[PM]SUCCESS:::Serine biosynthesis:::REACT_115789.1:::N:::12906824:::http://www.ebi.ac.uk/arrayexpress/xml/v2/experiments?pmid=12906824
[PM]SUCCESS:::Serine biosynthesis:::REACT_115789.1:::N:::4915004:::http://www.ebi.ac.uk/arrayexpress/xml/v2/experiments?pmid=4915004
[PM]SUCCESS:::Serine biosynthesis:::REACT_115789.1:::N:::2775236:::http://www.ebi.ac.uk/arrayexpress/xml/v2/experiments?pmid=2775236
[PM]SUCCESS:::Serine biosynthesis:::REACT_115789.1:::N:::16643857:::http://www.ebi.ac.uk/arrayexpress/xml/v2/experiments?pmid=16643857
[PM]SUCCESS:::Serine biosynthesis:::REACT_115789.1:::N:::8001561:::http://www.ebi.ac.uk/arrayexpress/xml/v2/experiments?pmid=8001561
[PM]SUCCESS:::Serine biosynthesis:::REACT_115789.1:::N:::3060175:::http://www.ebi.ac.uk/arrayexpress/xml/v2/experiments?pmid=3060175
[PM]SUCCESS:::Serine biosynthesis:::REACT_115789.1:::N:::16134170:::http://www.ebi.ac.uk/arrayexpress/xml/v2/experiments?pmid=16134170
[PM]SUCCESS:::Serine biosynthesis:::REACT_115789.1:::N:::22123817:::http://www.ebi.ac.uk/arrayexpress/xml/v2/experiments?pmid=22123817
[PM]SUCCESS:::Serine biosynthesis:::REACT_115789.1:::N:::20153287:::http://www.ebi.ac.uk/arrayexpress/xml/v2/experiments?pmid=20153287
[PM]SUCCESS:::Serine biosynthesis:::REACT_115789.1:::N:::9630604:::http://www.ebi.ac.uk/arrayexpress/xml/v2/experiments?pmid=9630604
[PM]SUCCESS:::Serine biosynthesis:::REACT_115789.1:::N:::20185591:::http://www.ebi.ac.uk/arrayexpress/xml/v2/experiments?pmid=20185591
[PM]SUCCESS:::Serine biosynthesis:::REACT_115789.1:::N:::21312325:::http://www.ebi.ac.uk/arrayexpress/xml/v2/experiments?pmid=21312325
[PM]SUCCESS:::Serine biosynthesis:::REACT_115789.1:::N:::19832808:::http://www.ebi.ac.uk/arrayexpress/xml/v2/experiments?pmid=19832808
[PM]SUCCESS:::Serine biosynthesis:::REACT_115789.1:::N:::22279051:::http://www.ebi.ac.uk/arrayexpress/xml/v2/experiments?pmid=22279051
[PM]SUCCESS:::Serine biosynthesis:::REACT_115789.1:::N:::10987144:::http://www.ebi.ac.uk/arrayexpress/xml/v2/experiments?pmid=10987144
[PM]SUCCESS:::Serine biosynthesis:::REACT_115789.1:::N:::15249053:::http://www.ebi.ac.uk/arrayexpress/xml/v2/experiments?pmid=15249053
[PM]SUCCESS:::Serine biosynthesis:::REACT_115789.1:::N:::21511966:::http://www.ebi.ac.uk/arrayexpress/xml/v2/experiments?pmid=21511966
[PM]SUCCESS:::Serine biosynthesis:::REACT_115789.1:::N:::10024608:::http://www.ebi.ac.uk/arrayexpress/xml/v2/experiments?pmid=10024608
[PM]SUCCESS:::Serine biosynthesis:::REACT_115789.1:::N:::12692040:::http://www.ebi.ac.uk/arrayexpress/xml/v2/experiments?pmid=12692040
[PM]SUCCESS:::Serine biosynthesis:::REACT_115789.1:::N:::2981478:::http://www.ebi.ac.uk/arrayexpress/xml/v2/experiments?pmid=2981478
[PM]SUCCESS:::Serine biosynthesis:::REACT_115789.1:::N:::15893380:::http://www.ebi.ac.uk/arrayexpress/xml/v2/experiments?pmid=15893380
[PM]SUCCESS:::Serine biosynthesis:::REACT_115789.1:::N:::13032008:::http://www.ebi.ac.uk/arrayexpress/xml/v2/experiments?pmid=13032008
[PM]SUCCESS:::Serine biosynthesis:::REACT_115789.1:::N:::12815048:::http://www.ebi.ac.uk/arrayexpress/xml/v2/experiments?pmid=12815048
[PM]SUCCESS:::Serine biosynthesis:::REACT_115789.1:::N:::10958673:::http://www.ebi.ac.uk/arrayexpress/xml/v2/experiments?pmid=10958673
[PM]SUCCESS:::Serine biosynthesis:::REACT_115789.1:::N:::18772128:::http://www.ebi.ac.uk/arrayexpress/xml/v2/experiments?pmid=18772128
[PM]SUCCESS:::Serine biosynthesis:::REACT_115789.1:::N:::10393322:::http://www.ebi.ac.uk/arrayexpress/xml/v2/experiments?pmid=10393322
[PM]SUCCESS:::Serine biosynthesis:::REACT_115789.1:::N:::23604073:::http://www.ebi.ac.uk/arrayexpress/xml/v2/experiments?pmid=23604073
[PM]SUCCESS:::Serine biosynthesis:::REACT_115789.1:::N:::8386433:::http://www.ebi.ac.uk/arrayexpress/xml/v2/experiments?pmid=8386433
[PM]SUCCESS:::Serine biosynthesis:::REACT_115789.1:::N:::19006241:::http://www.ebi.ac.uk/arrayexpress/xml/v2/experiments?pmid=19006241
[PM]SUCCESS:::Serine biosynthesis:::REACT_115789.1:::N:::22118461:::http://www.ebi.ac.uk/arrayexpress/xml/v2/experiments?pmid=22118461
[PM]SUCCESS:::Serine biosynthesis:::REACT_115789.1:::N:::11130078:::http://www.ebi.ac.uk/arrayexpress/xml/v2/experiments?pmid=11130078
[PM]SUCCESS:::Serine biosynthesis:::REACT_115789.1:::N:::3208766:::http://www.ebi.ac.uk/arrayexpress/xml/v2/experiments?pmid=3208766
[PM]SUCCESS:::Serine biosynthesis:::REACT_115789.1:::N:::9083101:::http://www.ebi.ac.uk/arrayexpress/xml/v2/experiments?pmid=9083101
[PM]SUCCESS:::Serine biosynthesis:::REACT_115789.1:::N:::9305837:::http://www.ebi.ac.uk/arrayexpress/xml/v2/experiments?pmid=9305837
[PM]SUCCESS:::Serine biosynthesis:::REACT_115789.1:::N:::8399223:::http://www.ebi.ac.uk/arrayexpress/xml/v2/experiments?pmid=8399223
[PM]SUCCESS:::Serine biosynthesis:::REACT_115789.1:::N:::10958654:::http://www.ebi.ac.uk/arrayexpress/xml/v2/experiments?pmid=10958654
[PM]SUCCESS:::Serine biosynthesis:::REACT_115789.1:::N:::19767751:::http://www.ebi.ac.uk/arrayexpress/xml/v2/experiments?pmid=19767751
[PM]SUCCESS:::Serine biosynthesis:::REACT_115789.1:::N:::15838516:::http://www.ebi.ac.uk/arrayexpress/xml/v2/experiments?pmid=15838516
[PM]SUCCESS:::Serine biosynthesis:::REACT_115789.1:::N:::2581946:::http://www.ebi.ac.uk/arrayexpress/xml/v2/experiments?pmid=2581946
[PM]SUCCESS:::Serine biosynthesis:::REACT_115789.1:::N:::7396409:::http://www.ebi.ac.uk/arrayexpress/xml/v2/experiments?pmid=7396409
[PM]SUCCESS:::Serine biosynthesis:::REACT_115789.1:::N:::9357955:::http://www.ebi.ac.uk/arrayexpress/xml/v2/experiments?pmid=9357955
[PM]SUCCESS:::Serine biosynthesis:::REACT_115789.1:::N:::15175331:::http://www.ebi.ac.uk/arrayexpress/xml/v2/experiments?pmid=15175331
[PM]SUCCESS:::Serine biosynthesis:::REACT_115789.1:::N:::10801319:::http://www.ebi.ac.uk/arrayexpress/xml/v2/experiments?pmid=10801319
[PM]SUCCESS:::Serine biosynthesis:::REACT_115789.1:::N:::11261429:::http://www.ebi.ac.uk/arrayexpress/xml/v2/experiments?pmid=11261429
[PM]SUCCESS:::Serine biosynthesis:::REACT_115789.1:::N:::1897530:::http://www.ebi.ac.uk/arrayexpress/xml/v2/experiments?pmid=1897530
[PM]SUCCESS:::Serine biosynthesis:::REACT_115789.1:::N:::9920387:::http://www.ebi.ac.uk/arrayexpress/xml/v2/experiments?pmid=9920387
[PM]SUCCESS:::Serine biosynthesis:::REACT_115789.1:::N:::3932573:::http://www.ebi.ac.uk/arrayexpress/xml/v2/experiments?pmid=3932573
[PW]SUCCESS:::Serine biosynthesis:::REACT_115789.1:::1:::99:::https://www.ebi.ac.uk/rdf/services/reactome/servlet/query?query=PREFIX%20rdf%3A%20%3Chttp%3A%2F%2Fwww.w3.org%2F1999%2F02%2F22-rdf-syntax-ns%23%3E%0D%0APREFIX%20rdfs%3A%20%3Chttp%3A%2F%2Fwww.w3.org%2F2000%2F01%2Frdf-schema%23%3E%0D%0APREFIX%20owl%3A%20%3Chttp%3A%2F%2Fwww.w3.org%2F2002%2F07%2Fowl%23%3E%0D%0APREFIX%20xsd%3A%20%3Chttp%3A%2F%2Fwww.w3.org%2F2001%2FXMLSchema%23%3E%0D%0APREFIX%20dc%3A%20%3Chttp%3A%2F%2Fpurl.org%2Fdc%2Felements%2F1.1%2F%3E%0D%0APREFIX%20dcterms%3A%20%3Chttp%3A%2F%2Fpurl.org%2Fdc%2Fterms%2F%3E%0D%0APREFIX%20foaf%3A%20%3Chttp%3A%2F%2Fxmlns.com%2Ffoaf%2F0.1%2F%3E%0D%0APREFIX%20skos%3A%20%3Chttp%3A%2F%2Fwww.w3.org%2F2004%2F02%2Fskos%2Fcore%23%3E%0D%0APREFIX%20biopax3%3A%20%3Chttp%3A%2F%2Fwww.biopax.org%2Frelease%2Fbiopax-level3.owl%23%3E%0D%0A%0D%0ASELECT%20DISTINCT%20%3Fpmid%0D%0AWHERE%20%0D%0A%7B%0D%0A%20%3Fpathway%20rdf%3Atype%20biopax3%3APathway%20.%0D%0A%20%3Fpathway%20biopax3%3AdisplayName%20%3Fpathwayname.%0D%0A%20%3Fpathway%20biopax3%3Aorganism%20%3Forg.%0D%0A%20%20%3Forg%20biopax3%3Aname%20%3Forgname.%0D%0A%20%20%0D%0A%20%20%7B%3Fsubcomponent%20biopax3%3Aevidence%20%3Fevidencelist.%7D%0D%0A%20%20UNION%0D%0A%20%20%7B%3Fpathway%20biopax3%3Aevidence%20%3Fevidencelist.%20%7D%0D%0A%0D%0A%20%20%7B%3Fevidencelist%20biopax3%3Axref%20%3Fpub.%7D%0D%0A%20%20UNION%0D%0A%20%20%7B%3Fsubcomponent%20biopax3%3Axref%20%3Fpub.%20%7D%0D%0A%20%20UNION%0D%0A%20%20%7B%3Fpathway%20biopax3%3Axref%20%3Fpub.%20%7D%0D%0A%20%20%0D%0A%20%20%7B%3Fpathway%20biopax3%3ApathwayComponent%20%3Fsubcomponent.%7D%0D%0A%20%20UNION%0D%0A%20%20%7B%3Fsubcompoent%20biopax3%3ApathwayComponent%20%3Fsubcomponent.%7D%0D%0A%20%20%0D%0A%20%20%3Fpub%20rdf%3Atype%20biopax3%3APublicationXref.%0D%0A%20%20%3Fpub%20biopax3%3Adb%20%3Fpub_db.%0D%0A%20%20%3Fpub%20biopax3%3Aid%20%3Fpmid%0D%0A%20%20FILTER%20regex(%3Fpub_db%2C%22Pubmed%22).%0D%0A%20%20FILTER%20(%3Fpathway%20%3D%20%3Chttp%3A%2F%2Fidentifiers.org%2Freactome%2FREACT_115789.1%3E).%0D%0A%20%20%0D%0A%7D&format=CSV&limit=100&offset=0&inference=false
[PW_EXIST_LIST]:::20110263
[PW_NOTEXIST_LIST]:::8541526,19443651,12700044,15538381,7635144,9335335,9712840,18555777,18173545,8723348,1894595,18367646,21356517,12655297,18240029,16321791,17560368,6311078,8163052,9461497,8946167,11447121,11826276,9469823,20541618,18772396,17035995,15611369,15381398,8330735,8330740,9949182,8250832,4358634,8131753,11294880,6693436,7890667,9461603,18043707,19603532,16024644,6022858,9305914,20042001,17242360,11158296,11994049,14514684,11923312,15581364,12949583,12906824,4915004,2775236,16643857,8001561,3060175,16134170,22123817,20153287,9630604,20185591,21312325,19832808,22279051,10987144,15249053,21511966,10024608,12692040,2981478,15893380,13032008,12815048,10958673,18772128,10393322,23604073,8386433,19006241,22118461,11130078,3208766,9083101,9305837,8399223,10958654,19767751,15838516,2581946,7396409,9357955,15175331,10801319,11261429,1897530,9920387[PM]SUCCESS:::Activation of DNA fragmentation factor:::REACT_13462.2:::N:::8541526:::http://www.ebi.ac.uk/arrayexpress/xml/v2/experiments?pmid=8541526
[PM]SUCCESS:::Activation of DNA fragmentation factor:::REACT_13462.2:::N:::19443651:::http://www.ebi.ac.uk/arrayexpress/xml/v2/experiments?pmid=19443651
[PM]SUCCESS:::Activation of DNA fragmentation factor:::REACT_13462.2:::N:::12700044:::http://www.ebi.ac.uk/arrayexpress/xml/v2/experiments?pmid=12700044
[PM]SUCCESS:::Activation of DNA fragmentation factor:::REACT_13462.2:::N:::15538381:::http://www.ebi.ac.uk/arrayexpress/xml/v2/experiments?pmid=15538381
[PM]SUCCESS:::Activation of DNA fragmentation factor:::REACT_13462.2:::N:::7635144:::http://www.ebi.ac.uk/arrayexpress/xml/v2/experiments?pmid=7635144
[PM]SUCCESS:::Activation of DNA fragmentation factor:::REACT_13462.2:::N:::9335335:::http://www.ebi.ac.uk/arrayexpress/xml/v2/experiments?pmid=9335335
[PM]SUCCESS:::Activation of DNA fragmentation factor:::REACT_13462.2:::N:::9712840:::http://www.ebi.ac.uk/arrayexpress/xml/v2/experiments?pmid=9712840
[PM]SUCCESS:::Activation of DNA fragmentation factor:::REACT_13462.2:::N:::18555777:::http://www.ebi.ac.uk/arrayexpress/xml/v2/experiments?pmid=18555777
[PM]SUCCESS:::Activation of DNA fragmentation factor:::REACT_13462.2:::N:::18173545:::http://www.ebi.ac.uk/arrayexpress/xml/v2/experiments?pmid=18173545
[PM]SUCCESS:::Activation of DNA fragmentation factor:::REACT_13462.2:::N:::8723348:::http://www.ebi.ac.uk/arrayexpress/xml/v2/experiments?pmid=8723348
[PM]SUCCESS:::Activation of DNA fragmentation factor:::REACT_13462.2:::N:::1894595:::http://www.ebi.ac.uk/arrayexpress/xml/v2/experiments?pmid=1894595
[PM]SUCCESS:::Activation of DNA fragmentation factor:::REACT_13462.2:::N:::18367646:::http://www.ebi.ac.uk/arrayexpress/xml/v2/experiments?pmid=18367646
[PM]SUCCESS:::Activation of DNA fragmentation factor:::REACT_13462.2:::N:::21356517:::http://www.ebi.ac.uk/arrayexpress/xml/v2/experiments?pmid=21356517
[PM]SUCCESS:::Activation of DNA fragmentation factor:::REACT_13462.2:::N:::12655297:::http://www.ebi.ac.uk/arrayexpress/xml/v2/experiments?pmid=12655297
[PM]SUCCESS:::Activation of DNA fragmentation factor:::REACT_13462.2:::N:::18240029:::http://www.ebi.ac.uk/arrayexpress/xml/v2/experiments?pmid=18240029
[PM]SUCCESS:::Activation of DNA fragmentation factor:::REACT_13462.2:::N:::16321791:::http://www.ebi.ac.uk/arrayexpress/xml/v2/experiments?pmid=16321791
[PM]SUCCESS:::Activation of DNA fragmentation factor:::REACT_13462.2:::N:::17560368:::http://www.ebi.ac.uk/arrayexpress/xml/v2/experiments?pmid=17560368
[PM]SUCCESS:::Activation of DNA fragmentation factor:::REACT_13462.2:::N:::6311078:::http://www.ebi.ac.uk/arrayexpress/xml/v2/experiments?pmid=6311078
[PM]SUCCESS:::Activation of DNA fragmentation factor:::REACT_13462.2:::Y:::20110263:::http://www.ebi.ac.uk/arrayexpress/xml/v2/experiments?pmid=20110263
[PM]SUCCESS:::Activation of DNA fragmentation factor:::REACT_13462.2:::N:::8163052:::http://www.ebi.ac.uk/arrayexpress/xml/v2/experiments?pmid=8163052
[PM]SUCCESS:::Activation of DNA fragmentation factor:::REACT_13462.2:::N:::9461497:::http://www.ebi.ac.uk/arrayexpress/xml/v2/experiments?pmid=9461497
[PM]SUCCESS:::Activation of DNA fragmentation factor:::REACT_13462.2:::N:::8946167:::http://www.ebi.ac.uk/arrayexpress/xml/v2/experiments?pmid=8946167
[PM]SUCCESS:::Activation of DNA fragmentation factor:::REACT_13462.2:::N:::11447121:::http://www.ebi.ac.uk/arrayexpress/xml/v2/experiments?pmid=11447121
[PM]SUCCESS:::Activation of DNA fragmentation factor:::REACT_13462.2:::N:::11826276:::http://www.ebi.ac.uk/arrayexpress/xml/v2/experiments?pmid=11826276
[PM]SUCCESS:::Activation of DNA fragmentation factor:::REACT_13462.2:::N:::9469823:::http://www.ebi.ac.uk/arrayexpress/xml/v2/experiments?pmid=9469823
[PM]SUCCESS:::Activation of DNA fragmentation factor:::REACT_13462.2:::N:::20541618:::http://www.ebi.ac.uk/arrayexpress/xml/v2/experiments?pmid=20541618
[PM]SUCCESS:::Activation of DNA fragmentation factor:::REACT_13462.2:::N:::18772396:::http://www.ebi.ac.uk/arrayexpress/xml/v2/experiments?pmid=18772396
[PM]SUCCESS:::Activation of DNA fragmentation factor:::REACT_13462.2:::N:::17035995:::http://www.ebi.ac.uk/arrayexpress/xml/v2/experiments?pmid=17035995
[PM]SUCCESS:::Activation of DNA fragmentation factor:::REACT_13462.2:::N:::15611369:::http://www.ebi.ac.uk/arrayexpress/xml/v2/experiments?pmid=15611369
[PM]SUCCESS:::Activation of DNA fragmentation factor:::REACT_13462.2:::N:::15381398:::http://www.ebi.ac.uk/arrayexpress/xml/v2/experiments?pmid=15381398
[PM]SUCCESS:::Activation of DNA fragmentation factor:::REACT_13462.2:::N:::8330735:::http://www.ebi.ac.uk/arrayexpress/xml/v2/experiments?pmid=8330735
[PM]SUCCESS:::Activation of DNA fragmentation factor:::REACT_13462.2:::N:::8330740:::http://www.ebi.ac.uk/arrayexpress/xml/v2/experiments?pmid=8330740
[PM]SUCCESS:::Activation of DNA fragmentation factor:::REACT_13462.2:::N:::9949182:::http://www.ebi.ac.uk/arrayexpress/xml/v2/experiments?pmid=9949182
[PM]SUCCESS:::Activation of DNA fragmentation factor:::REACT_13462.2:::N:::8250832:::http://www.ebi.ac.uk/arrayexpress/xml/v2/experiments?pmid=8250832
[PM]SUCCESS:::Activation of DNA fragmentation factor:::REACT_13462.2:::N:::4358634:::http://www.ebi.ac.uk/arrayexpress/xml/v2/experiments?pmid=4358634
[PM]SUCCESS:::Activation of DNA fragmentation factor:::REACT_13462.2:::N:::8131753:::http://www.ebi.ac.uk/arrayexpress/xml/v2/experiments?pmid=8131753
[PM]SUCCESS:::Activation of DNA fragmentation factor:::REACT_13462.2:::N:::11294880:::http://www.ebi.ac.uk/arrayexpress/xml/v2/experiments?pmid=11294880
[PM]SUCCESS:::Activation of DNA fragmentation factor:::REACT_13462.2:::N:::6693436:::http://www.ebi.ac.uk/arrayexpress/xml/v2/experiments?pmid=6693436
[PM]SUCCESS:::Activation of DNA fragmentation factor:::REACT_13462.2:::N:::7890667:::http://www.ebi.ac.uk/arrayexpress/xml/v2/experiments?pmid=7890667
[PM]SUCCESS:::Activation of DNA fragmentation factor:::REACT_13462.2:::N:::9461603:::http://www.ebi.ac.uk/arrayexpress/xml/v2/experiments?pmid=9461603
[PM]SUCCESS:::Activation of DNA fragmentation factor:::REACT_13462.2:::N:::18043707:::http://www.ebi.ac.uk/arrayexpress/xml/v2/experiments?pmid=18043707
[PM]SUCCESS:::Activation of DNA fragmentation factor:::REACT_13462.2:::N:::19603532:::http://www.ebi.ac.uk/arrayexpress/xml/v2/experiments?pmid=19603532
[PM]SUCCESS:::Activation of DNA fragmentation factor:::REACT_13462.2:::N:::16024644:::http://www.ebi.ac.uk/arrayexpress/xml/v2/experiments?pmid=16024644
[PM]SUCCESS:::Activation of DNA fragmentation factor:::REACT_13462.2:::N:::6022858:::http://www.ebi.ac.uk/arrayexpress/xml/v2/experiments?pmid=6022858
[PM]SUCCESS:::Activation of DNA fragmentation factor:::REACT_13462.2:::N:::9305914:::http://www.ebi.ac.uk/arrayexpress/xml/v2/experiments?pmid=9305914
[PM]SUCCESS:::Activation of DNA fragmentation factor:::REACT_13462.2:::N:::20042001:::http://www.ebi.ac.uk/arrayexpress/xml/v2/experiments?pmid=20042001
[PM]SUCCESS:::Activation of DNA fragmentation factor:::REACT_13462.2:::N:::17242360:::http://www.ebi.ac.uk/arrayexpress/xml/v2/experiments?pmid=17242360
[PM]SUCCESS:::Activation of DNA fragmentation factor:::REACT_13462.2:::N:::11158296:::http://www.ebi.ac.uk/arrayexpress/xml/v2/experiments?pmid=11158296
[PM]SUCCESS:::Activation of DNA fragmentation factor:::REACT_13462.2:::N:::11994049:::http://www.ebi.ac.uk/arrayexpress/xml/v2/experiments?pmid=11994049
[PM]SUCCESS:::Activation of DNA fragmentation factor:::REACT_13462.2:::N:::14514684:::http://www.ebi.ac.uk/arrayexpress/xml/v2/experiments?pmid=14514684
[PM]SUCCESS:::Activation of DNA fragmentation factor:::REACT_13462.2:::N:::11923312:::http://www.ebi.ac.uk/arrayexpress/xml/v2/experiments?pmid=11923312
[PM]SUCCESS:::Activation of DNA fragmentation factor:::REACT_13462.2:::N:::15581364:::http://www.ebi.ac.uk/arrayexpress/xml/v2/experiments?pmid=15581364
[PM]SUCCESS:::Activation of DNA fragmentation factor:::REACT_13462.2:::N:::12949583:::http://www.ebi.ac.uk/arrayexpress/xml/v2/experiments?pmid=12949583
[PM]SUCCESS:::Activation of DNA fragmentation factor:::REACT_13462.2:::N:::12906824:::http://www.ebi.ac.uk/arrayexpress/xml/v2/experiments?pmid=12906824
[PM]SUCCESS:::Activation of DNA fragmentation factor:::REACT_13462.2:::N:::4915004:::http://www.ebi.ac.uk/arrayexpress/xml/v2/experiments?pmid=4915004
[PM]SUCCESS:::Activation of DNA fragmentation factor:::REACT_13462.2:::N:::2775236:::http://www.ebi.ac.uk/arrayexpress/xml/v2/experiments?pmid=2775236
[PM]SUCCESS:::Activation of DNA fragmentation factor:::REACT_13462.2:::N:::16643857:::http://www.ebi.ac.uk/arrayexpress/xml/v2/experiments?pmid=16643857
[PM]SUCCESS:::Activation of DNA fragmentation factor:::REACT_13462.2:::N:::8001561:::http://www.ebi.ac.uk/arrayexpress/xml/v2/experiments?pmid=8001561
[PM]SUCCESS:::Activation of DNA fragmentation factor:::REACT_13462.2:::N:::3060175:::http://www.ebi.ac.uk/arrayexpress/xml/v2/experiments?pmid=3060175
[PM]SUCCESS:::Activation of DNA fragmentation factor:::REACT_13462.2:::N:::16134170:::http://www.ebi.ac.uk/arrayexpress/xml/v2/experiments?pmid=16134170
[PM]SUCCESS:::Activation of DNA fragmentation factor:::REACT_13462.2:::N:::22123817:::http://www.ebi.ac.uk/arrayexpress/xml/v2/experiments?pmid=22123817
[PM]SUCCESS:::Activation of DNA fragmentation factor:::REACT_13462.2:::N:::20153287:::http://www.ebi.ac.uk/arrayexpress/xml/v2/experiments?pmid=20153287
[PM]SUCCESS:::Activation of DNA fragmentation factor:::REACT_13462.2:::N:::9630604:::http://www.ebi.ac.uk/arrayexpress/xml/v2/experiments?pmid=9630604
[PM]SUCCESS:::Activation of DNA fragmentation factor:::REACT_13462.2:::N:::20185591:::http://www.ebi.ac.uk/arrayexpress/xml/v2/experiments?pmid=20185591
[PM]SUCCESS:::Activation of DNA fragmentation factor:::REACT_13462.2:::N:::21312325:::http://www.ebi.ac.uk/arrayexpress/xml/v2/experiments?pmid=21312325
[PM]SUCCESS:::Activation of DNA fragmentation factor:::REACT_13462.2:::N:::19832808:::http://www.ebi.ac.uk/arrayexpress/xml/v2/experiments?pmid=19832808
[PM]SUCCESS:::Activation of DNA fragmentation factor:::REACT_13462.2:::N:::22279051:::http://www.ebi.ac.uk/arrayexpress/xml/v2/experiments?pmid=22279051
[PM]SUCCESS:::Activation of DNA fragmentation factor:::REACT_13462.2:::N:::10987144:::http://www.ebi.ac.uk/arrayexpress/xml/v2/experiments?pmid=10987144
[PM]SUCCESS:::Activation of DNA fragmentation factor:::REACT_13462.2:::N:::15249053:::http://www.ebi.ac.uk/arrayexpress/xml/v2/experiments?pmid=15249053
[PM]SUCCESS:::Activation of DNA fragmentation factor:::REACT_13462.2:::N:::21511966:::http://www.ebi.ac.uk/arrayexpress/xml/v2/experiments?pmid=21511966
[PM]SUCCESS:::Activation of DNA fragmentation factor:::REACT_13462.2:::N:::10024608:::http://www.ebi.ac.uk/arrayexpress/xml/v2/experiments?pmid=10024608
[PM]SUCCESS:::Activation of DNA fragmentation factor:::REACT_13462.2:::N:::12692040:::http://www.ebi.ac.uk/arrayexpress/xml/v2/experiments?pmid=12692040
[PM]SUCCESS:::Activation of DNA fragmentation factor:::REACT_13462.2:::N:::2981478:::http://www.ebi.ac.uk/arrayexpress/xml/v2/experiments?pmid=2981478
[PM]SUCCESS:::Activation of DNA fragmentation factor:::REACT_13462.2:::N:::15893380:::http://www.ebi.ac.uk/arrayexpress/xml/v2/experiments?pmid=15893380
[PM]SUCCESS:::Activation of DNA fragmentation factor:::REACT_13462.2:::N:::13032008:::http://www.ebi.ac.uk/arrayexpress/xml/v2/experiments?pmid=13032008
[PM]SUCCESS:::Activation of DNA fragmentation factor:::REACT_13462.2:::N:::12815048:::http://www.ebi.ac.uk/arrayexpress/xml/v2/experiments?pmid=12815048
[PM]SUCCESS:::Activation of DNA fragmentation factor:::REACT_13462.2:::N:::10958673:::http://www.ebi.ac.uk/arrayexpress/xml/v2/experiments?pmid=10958673
[PM]SUCCESS:::Activation of DNA fragmentation factor:::REACT_13462.2:::N:::18772128:::http://www.ebi.ac.uk/arrayexpress/xml/v2/experiments?pmid=18772128
[PM]SUCCESS:::Activation of DNA fragmentation factor:::REACT_13462.2:::N:::10393322:::http://www.ebi.ac.uk/arrayexpress/xml/v2/experiments?pmid=10393322
[PM]SUCCESS:::Activation of DNA fragmentation factor:::REACT_13462.2:::N:::23604073:::http://www.ebi.ac.uk/arrayexpress/xml/v2/experiments?pmid=23604073
[PM]SUCCESS:::Activation of DNA fragmentation factor:::REACT_13462.2:::N:::8386433:::http://www.ebi.ac.uk/arrayexpress/xml/v2/experiments?pmid=8386433
[PM]SUCCESS:::Activation of DNA fragmentation factor:::REACT_13462.2:::N:::19006241:::http://www.ebi.ac.uk/arrayexpress/xml/v2/experiments?pmid=19006241
[PM]SUCCESS:::Activation of DNA fragmentation factor:::REACT_13462.2:::N:::22118461:::http://www.ebi.ac.uk/arrayexpress/xml/v2/experiments?pmid=22118461
[PM]SUCCESS:::Activation of DNA fragmentation factor:::REACT_13462.2:::N:::11130078:::http://www.ebi.ac.uk/arrayexpress/xml/v2/experiments?pmid=11130078
[PM]SUCCESS:::Activation of DNA fragmentation factor:::REACT_13462.2:::N:::3208766:::http://www.ebi.ac.uk/arrayexpress/xml/v2/experiments?pmid=3208766
[PM]SUCCESS:::Activation of DNA fragmentation factor:::REACT_13462.2:::N:::9083101:::http://www.ebi.ac.uk/arrayexpress/xml/v2/experiments?pmid=9083101
[PM]SUCCESS:::Activation of DNA fragmentation factor:::REACT_13462.2:::N:::9305837:::http://www.ebi.ac.uk/arrayexpress/xml/v2/experiments?pmid=9305837
[PM]SUCCESS:::Activation of DNA fragmentation factor:::REACT_13462.2:::N:::8399223:::http://www.ebi.ac.uk/arrayexpress/xml/v2/experiments?pmid=8399223
[PM]SUCCESS:::Activation of DNA fragmentation factor:::REACT_13462.2:::N:::10958654:::http://www.ebi.ac.uk/arrayexpress/xml/v2/experiments?pmid=10958654
[PM]SUCCESS:::Activation of DNA fragmentation factor:::REACT_13462.2:::N:::19767751:::http://www.ebi.ac.uk/arrayexpress/xml/v2/experiments?pmid=19767751
[PM]SUCCESS:::Activation of DNA fragmentation factor:::REACT_13462.2:::N:::15838516:::http://www.ebi.ac.uk/arrayexpress/xml/v2/experiments?pmid=15838516
[PM]SUCCESS:::Activation of DNA fragmentation factor:::REACT_13462.2:::N:::2581946:::http://www.ebi.ac.uk/arrayexpress/xml/v2/experiments?pmid=2581946
[PM]SUCCESS:::Activation of DNA fragmentation factor:::REACT_13462.2:::N:::7396409:::http://www.ebi.ac.uk/arrayexpress/xml/v2/experiments?pmid=7396409
[PM]SUCCESS:::Activation of DNA fragmentation factor:::REACT_13462.2:::N:::9357955:::http://www.ebi.ac.uk/arrayexpress/xml/v2/experiments?pmid=9357955
[PM]SUCCESS:::Activation of DNA fragmentation factor:::REACT_13462.2:::N:::15175331:::http://www.ebi.ac.uk/arrayexpress/xml/v2/experiments?pmid=15175331
[PM]SUCCESS:::Activation of DNA fragmentation factor:::REACT_13462.2:::N:::10801319:::http://www.ebi.ac.uk/arrayexpress/xml/v2/experiments?pmid=10801319
[PM]SUCCESS:::Activation of DNA fragmentation factor:::REACT_13462.2:::N:::11261429:::http://www.ebi.ac.uk/arrayexpress/xml/v2/experiments?pmid=11261429
[PM]SUCCESS:::Activation of DNA fragmentation factor:::REACT_13462.2:::N:::1897530:::http://www.ebi.ac.uk/arrayexpress/xml/v2/experiments?pmid=1897530
[PM]SUCCESS:::Activation of DNA fragmentation factor:::REACT_13462.2:::N:::9920387:::http://www.ebi.ac.uk/arrayexpress/xml/v2/experiments?pmid=9920387
[PM]SUCCESS:::Activation of DNA fragmentation factor:::REACT_13462.2:::N:::3932573:::http://www.ebi.ac.uk/arrayexpress/xml/v2/experiments?pmid=3932573
[PW]SUCCESS:::Activation of DNA fragmentation factor:::REACT_13462.2:::1:::99:::https://www.ebi.ac.uk/rdf/services/reactome/servlet/query?query=PREFIX%20rdf%3A%20%3Chttp%3A%2F%2Fwww.w3.org%2F1999%2F02%2F22-rdf-syntax-ns%23%3E%0D%0APREFIX%20rdfs%3A%20%3Chttp%3A%2F%2Fwww.w3.org%2F2000%2F01%2Frdf-schema%23%3E%0D%0APREFIX%20owl%3A%20%3Chttp%3A%2F%2Fwww.w3.org%2F2002%2F07%2Fowl%23%3E%0D%0APREFIX%20xsd%3A%20%3Chttp%3A%2F%2Fwww.w3.org%2F2001%2FXMLSchema%23%3E%0D%0APREFIX%20dc%3A%20%3Chttp%3A%2F%2Fpurl.org%2Fdc%2Felements%2F1.1%2F%3E%0D%0APREFIX%20dcterms%3A%20%3Chttp%3A%2F%2Fpurl.org%2Fdc%2Fterms%2F%3E%0D%0APREFIX%20foaf%3A%20%3Chttp%3A%2F%2Fxmlns.com%2Ffoaf%2F0.1%2F%3E%0D%0APREFIX%20skos%3A%20%3Chttp%3A%2F%2Fwww.w3.org%2F2004%2F02%2Fskos%2Fcore%23%3E%0D%0APREFIX%20biopax3%3A%20%3Chttp%3A%2F%2Fwww.biopax.org%2Frelease%2Fbiopax-level3.owl%23%3E%0D%0A%0D%0ASELECT%20DISTINCT%20%3Fpmid%0D%0AWHERE%20%0D%0A%7B%0D%0A%20%3Fpathway%20rdf%3Atype%20biopax3%3APathway%20.%0D%0A%20%3Fpathway%20biopax3%3AdisplayName%20%3Fpathwayname.%0D%0A%20%3Fpathway%20biopax3%3Aorganism%20%3Forg.%0D%0A%20%20%3Forg%20biopax3%3Aname%20%3Forgname.%0D%0A%20%20%0D%0A%20%20%7B%3Fsubcomponent%20biopax3%3Aevidence%20%3Fevidencelist.%7D%0D%0A%20%20UNION%0D%0A%20%20%7B%3Fpathway%20biopax3%3Aevidence%20%3Fevidencelist.%20%7D%0D%0A%0D%0A%20%20%7B%3Fevidencelist%20biopax3%3Axref%20%3Fpub.%7D%0D%0A%20%20UNION%0D%0A%20%20%7B%3Fsubcomponent%20biopax3%3Axref%20%3Fpub.%20%7D%0D%0A%20%20UNION%0D%0A%20%20%7B%3Fpathway%20biopax3%3Axref%20%3Fpub.%20%7D%0D%0A%20%20%0D%0A%20%20%7B%3Fpathway%20biopax3%3ApathwayComponent%20%3Fsubcomponent.%7D%0D%0A%20%20UNION%0D%0A%20%20%7B%3Fsubcompoent%20biopax3%3ApathwayComponent%20%3Fsubcomponent.%7D%0D%0A%20%20%0D%0A%20%20%3Fpub%20rdf%3Atype%20biopax3%3APublicationXref.%0D%0A%20%20%3Fpub%20biopax3%3Adb%20%3Fpub_db.%0D%0A%20%20%3Fpub%20biopax3%3Aid%20%3Fpmid%0D%0A%20%20FILTER%20regex(%3Fpub_db%2C%22Pubmed%22).%0D%0A%20%20FILTER%20(%3Fpathway%20%3D%20%3Chttp%3A%2F%2Fidentifiers.org%2Freactome%2FREACT_13462.2%3E).%0D%0A%20%20%0D%0A%7D&format=CSV&limit=100&offset=0&inference=false
[PW_EXIST_LIST]:::20110263
[PW_NOTEXIST_LIST]:::8541526,19443651,12700044,15538381,7635144,9335335,9712840,18555777,18173545,8723348,1894595,18367646,21356517,12655297,18240029,16321791,17560368,6311078,8163052,9461497,8946167,11447121,11826276,9469823,20541618,18772396,17035995,15611369,15381398,8330735,8330740,9949182,8250832,4358634,8131753,11294880,6693436,7890667,9461603,18043707,19603532,16024644,6022858,9305914,20042001,17242360,11158296,11994049,14514684,11923312,15581364,12949583,12906824,4915004,2775236,16643857,8001561,3060175,16134170,22123817,20153287,9630604,20185591,21312325,19832808,22279051,10987144,15249053,21511966,10024608,12692040,2981478,15893380,13032008,12815048,10958673,18772128,10393322,23604073,8386433,19006241,22118461,11130078,3208766,9083101,9305837,8399223,10958654,19767751,15838516,2581946,7396409,9357955,15175331,10801319,11261429,1897530,9920387[PM]SUCCESS:::Regulation of cholesterol biosynthesis by SREBP (SREBF):::REACT_147797.3:::N:::8541526:::http://www.ebi.ac.uk/arrayexpress/xml/v2/experiments?pmid=8541526
[PM]SUCCESS:::Regulation of cholesterol biosynthesis by SREBP (SREBF):::REACT_147797.3:::N:::19443651:::http://www.ebi.ac.uk/arrayexpress/xml/v2/experiments?pmid=19443651
[PM]SUCCESS:::Regulation of cholesterol biosynthesis by SREBP (SREBF):::REACT_147797.3:::N:::12700044:::http://www.ebi.ac.uk/arrayexpress/xml/v2/experiments?pmid=12700044
[PM]SUCCESS:::Regulation of cholesterol biosynthesis by SREBP (SREBF):::REACT_147797.3:::N:::15538381:::http://www.ebi.ac.uk/arrayexpress/xml/v2/experiments?pmid=15538381
[PM]SUCCESS:::Regulation of cholesterol biosynthesis by SREBP (SREBF):::REACT_147797.3:::N:::7635144:::http://www.ebi.ac.uk/arrayexpress/xml/v2/experiments?pmid=7635144
[PM]SUCCESS:::Regulation of cholesterol biosynthesis by SREBP (SREBF):::REACT_147797.3:::N:::9335335:::http://www.ebi.ac.uk/arrayexpress/xml/v2/experiments?pmid=9335335
[PM]SUCCESS:::Regulation of cholesterol biosynthesis by SREBP (SREBF):::REACT_147797.3:::N:::9712840:::http://www.ebi.ac.uk/arrayexpress/xml/v2/experiments?pmid=9712840
[PM]SUCCESS:::Regulation of cholesterol biosynthesis by SREBP (SREBF):::REACT_147797.3:::N:::18555777:::http://www.ebi.ac.uk/arrayexpress/xml/v2/experiments?pmid=18555777
[PM]SUCCESS:::Regulation of cholesterol biosynthesis by SREBP (SREBF):::REACT_147797.3:::N:::18173545:::http://www.ebi.ac.uk/arrayexpress/xml/v2/experiments?pmid=18173545
[PM]SUCCESS:::Regulation of cholesterol biosynthesis by SREBP (SREBF):::REACT_147797.3:::N:::8723348:::http://www.ebi.ac.uk/arrayexpress/xml/v2/experiments?pmid=8723348
[PM]SUCCESS:::Regulation of cholesterol biosynthesis by SREBP (SREBF):::REACT_147797.3:::N:::1894595:::http://www.ebi.ac.uk/arrayexpress/xml/v2/experiments?pmid=1894595
[PM]SUCCESS:::Regulation of cholesterol biosynthesis by SREBP (SREBF):::REACT_147797.3:::N:::18367646:::http://www.ebi.ac.uk/arrayexpress/xml/v2/experiments?pmid=18367646
[PM]SUCCESS:::Regulation of cholesterol biosynthesis by SREBP (SREBF):::REACT_147797.3:::N:::21356517:::http://www.ebi.ac.uk/arrayexpress/xml/v2/experiments?pmid=21356517
[PM]SUCCESS:::Regulation of cholesterol biosynthesis by SREBP (SREBF):::REACT_147797.3:::N:::12655297:::http://www.ebi.ac.uk/arrayexpress/xml/v2/experiments?pmid=12655297
[PM]SUCCESS:::Regulation of cholesterol biosynthesis by SREBP (SREBF):::REACT_147797.3:::N:::18240029:::http://www.ebi.ac.uk/arrayexpress/xml/v2/experiments?pmid=18240029
[PM]SUCCESS:::Regulation of cholesterol biosynthesis by SREBP (SREBF):::REACT_147797.3:::N:::16321791:::http://www.ebi.ac.uk/arrayexpress/xml/v2/experiments?pmid=16321791
[PM]SUCCESS:::Regulation of cholesterol biosynthesis by SREBP (SREBF):::REACT_147797.3:::N:::17560368:::http://www.ebi.ac.uk/arrayexpress/xml/v2/experiments?pmid=17560368
[PM]SUCCESS:::Regulation of cholesterol biosynthesis by SREBP (SREBF):::REACT_147797.3:::N:::6311078:::http://www.ebi.ac.uk/arrayexpress/xml/v2/experiments?pmid=6311078
[PM]SUCCESS:::Regulation of cholesterol biosynthesis by SREBP (SREBF):::REACT_147797.3:::Y:::20110263:::http://www.ebi.ac.uk/arrayexpress/xml/v2/experiments?pmid=20110263
[PM]SUCCESS:::Regulation of cholesterol biosynthesis by SREBP (SREBF):::REACT_147797.3:::N:::8163052:::http://www.ebi.ac.uk/arrayexpress/xml/v2/experiments?pmid=8163052
[PM]SUCCESS:::Regulation of cholesterol biosynthesis by SREBP (SREBF):::REACT_147797.3:::N:::9461497:::http://www.ebi.ac.uk/arrayexpress/xml/v2/experiments?pmid=9461497
[PM]SUCCESS:::Regulation of cholesterol biosynthesis by SREBP (SREBF):::REACT_147797.3:::N:::8946167:::http://www.ebi.ac.uk/arrayexpress/xml/v2/experiments?pmid=8946167
[PM]SUCCESS:::Regulation of cholesterol biosynthesis by SREBP (SREBF):::REACT_147797.3:::N:::11447121:::http://www.ebi.ac.uk/arrayexpress/xml/v2/experiments?pmid=11447121
[PM]SUCCESS:::Regulation of cholesterol biosynthesis by SREBP (SREBF):::REACT_147797.3:::N:::11826276:::http://www.ebi.ac.uk/arrayexpress/xml/v2/experiments?pmid=11826276
[PM]SUCCESS:::Regulation of cholesterol biosynthesis by SREBP (SREBF):::REACT_147797.3:::N:::9469823:::http://www.ebi.ac.uk/arrayexpress/xml/v2/experiments?pmid=9469823
[PM]SUCCESS:::Regulation of cholesterol biosynthesis by SREBP (SREBF):::REACT_147797.3:::N:::20541618:::http://www.ebi.ac.uk/arrayexpress/xml/v2/experiments?pmid=20541618
[PM]SUCCESS:::Regulation of cholesterol biosynthesis by SREBP (SREBF):::REACT_147797.3:::N:::18772396:::http://www.ebi.ac.uk/arrayexpress/xml/v2/experiments?pmid=18772396
[PM]SUCCESS:::Regulation of cholesterol biosynthesis by SREBP (SREBF):::REACT_147797.3:::N:::17035995:::http://www.ebi.ac.uk/arrayexpress/xml/v2/experiments?pmid=17035995
[PM]SUCCESS:::Regulation of cholesterol biosynthesis by SREBP (SREBF):::REACT_147797.3:::N:::15611369:::http://www.ebi.ac.uk/arrayexpress/xml/v2/experiments?pmid=15611369
[PM]SUCCESS:::Regulation of cholesterol biosynthesis by SREBP (SREBF):::REACT_147797.3:::N:::15381398:::http://www.ebi.ac.uk/arrayexpress/xml/v2/experiments?pmid=15381398
[PM]SUCCESS:::Regulation of cholesterol biosynthesis by SREBP (SREBF):::REACT_147797.3:::N:::8330735:::http://www.ebi.ac.uk/arrayexpress/xml/v2/experiments?pmid=8330735
[PM]SUCCESS:::Regulation of cholesterol biosynthesis by SREBP (SREBF):::REACT_147797.3:::N:::8330740:::http://www.ebi.ac.uk/arrayexpress/xml/v2/experiments?pmid=8330740
[PM]SUCCESS:::Regulation of cholesterol biosynthesis by SREBP (SREBF):::REACT_147797.3:::N:::9949182:::http://www.ebi.ac.uk/arrayexpress/xml/v2/experiments?pmid=9949182
[PM]SUCCESS:::Regulation of cholesterol biosynthesis by SREBP (SREBF):::REACT_147797.3:::N:::8250832:::http://www.ebi.ac.uk/arrayexpress/xml/v2/experiments?pmid=8250832
[PM]SUCCESS:::Regulation of cholesterol biosynthesis by SREBP (SREBF):::REACT_147797.3:::N:::4358634:::http://www.ebi.ac.uk/arrayexpress/xml/v2/experiments?pmid=4358634
[PM]SUCCESS:::Regulation of cholesterol biosynthesis by SREBP (SREBF):::REACT_147797.3:::N:::8131753:::http://www.ebi.ac.uk/arrayexpress/xml/v2/experiments?pmid=8131753
[PM]SUCCESS:::Regulation of cholesterol biosynthesis by SREBP (SREBF):::REACT_147797.3:::N:::11294880:::http://www.ebi.ac.uk/arrayexpress/xml/v2/experiments?pmid=11294880
[PM]SUCCESS:::Regulation of cholesterol biosynthesis by SREBP (SREBF):::REAC